0 verbose cli C:\Program Files\nodejs\node.exe C:\Users\admini\AppData\Roaming\npm\node_modules\npm\bin\npm-cli.js
1 info using npm@10.5.0
2 info using node@v20.11.1
3 timing npm:load:whichnode Completed in 1ms
4 timing config:load:defaults Completed in 1ms
5 timing config:load:file:C:\Users\admini\AppData\Roaming\npm\node_modules\npm\npmrc Completed in 2ms
6 timing config:load:builtin Completed in 2ms
7 timing config:load:cli Completed in 1ms
8 timing config:load:env Completed in 0ms
9 timing config:load:file:C:\Users\admini\Desktop\my-electron-app\.npmrc Completed in 0ms
10 timing config:load:project Completed in 1ms
11 timing config:load:file:C:\Users\admini\.npmrc Completed in 1ms
12 timing config:load:user Completed in 1ms
13 timing config:load:file:C:\Program Files\nodejs\etc\npmrc Completed in 0ms
14 timing config:load:global Completed in 0ms
15 timing config:load:setEnvs Completed in 1ms
16 timing config:load Completed in 8ms
17 timing npm:load:configload Completed in 8ms
18 timing config:load:flatten Completed in 1ms
19 timing npm:load:mkdirpcache Completed in 1ms
20 timing npm:load:mkdirplogs Completed in 0ms
21 verbose title npm start
22 verbose argv "start"
23 timing npm:load:setTitle Completed in 1ms
24 timing npm:load:display Completed in 0ms
25 verbose logfile logs-max:10 dir:C:\Users\admini\Desktop\my-electron-app\npm-cache\_logs\2024-03-28T05_21_16_084Z-
26 verbose logfile C:\Users\admini\Desktop\my-electron-app\npm-cache\_logs\2024-03-28T05_21_16_084Z-debug-0.log
27 timing npm:load:logFile Completed in 8ms
28 timing npm:load:timers Completed in 0ms
29 timing npm:load:configScope Completed in 0ms
30 timing npm:load Completed in 39ms
31 silly logfile start cleaning logs, removing 2 files
32 timing command:run-script Completed in 4ms
33 timing command:start Completed in 11ms
34 verbose stack JSONParseError: Invalid package.json: JSONParseError: Expected ',' or '}' after property value in JSON at position 1031 while parsing near "...npm-cache\"\n    }\n  \n"
34 verbose stack     at PackageJson.fromJSON (C:\Users\admini\AppData\Roaming\npm\node_modules\npm\node_modules\@npmcli\package-json\lib\index.js:162:24)
34 verbose stack     at PackageJson.load (C:\Users\admini\AppData\Roaming\npm\node_modules\npm\node_modules\@npmcli\package-json\lib\index.js:156:17)
34 verbose stack     at async PackageJson.normalize (C:\Users\admini\AppData\Roaming\npm\node_modules\npm\node_modules\@npmcli\package-json\lib\index.js:115:5)
34 verbose stack     at async RunScript.run (C:\Users\admini\AppData\Roaming\npm\node_modules\npm\lib\commands\run-script.js:72:27)
34 verbose stack     at async module.exports (C:\Users\admini\AppData\Roaming\npm\node_modules\npm\lib\cli-entry.js:61:5)
35 verbose cwd C:\Users\admini\Desktop\my-electron-app
36 verbose Windows_NT 10.0.22631
37 verbose node v20.11.1
38 verbose npm  v10.5.0
39 error code EJSONPARSE
40 error JSON.parse Invalid package.json: JSONParseError: Expected ',' or '}' after property value in JSON at position 1031 while parsing near "...npm-cache\"\n    }\n  \n"
41 error JSON.parse Failed to parse JSON data.
41 error JSON.parse Note: package.json must be actual JSON, not just JavaScript.
42 verbose exit 1
43 timing npm Completed in 94ms
44 verbose code 1
45 error A complete log of this run can be found in: C:\Users\admini\Desktop\my-electron-app\npm-cache\_logs\2024-03-28T05_21_16_084Z-debug-0.log
