0 verbose cli C:\Program Files\nodejs\node.exe C:\Users\admini\AppData\Roaming\npm\node_modules\npm\bin\npm-cli.js
1 info using npm@10.5.0
2 info using node@v20.11.1
3 timing npm:load:whichnode Completed in 2ms
4 timing config:load:defaults Completed in 2ms
5 timing config:load:file:C:\Users\admini\AppData\Roaming\npm\node_modules\npm\npmrc Completed in 3ms
6 timing config:load:builtin Completed in 3ms
7 timing config:load:cli Completed in 4ms
8 timing config:load:env Completed in 0ms
9 timing config:load:file:C:\Users\admini\AppData\Local\Microsoft\TypeScript\5.3\.npmrc Completed in 0ms
10 timing config:load:project Completed in 1ms
11 timing config:load:file:C:\Users\admini\.npmrc Completed in 3ms
12 timing config:load:user Completed in 3ms
13 timing config:load:file:C:\Program Files\nodejs\etc\npmrc Completed in 0ms
14 timing config:load:global Completed in 0ms
15 timing config:load:setEnvs Completed in 1ms
16 timing config:load Completed in 16ms
17 timing npm:load:configload Completed in 16ms
18 timing config:load:flatten Completed in 2ms
19 timing npm:load:mkdirpcache Completed in 1ms
20 timing npm:load:mkdirplogs Completed in 0ms
21 verbose title npm install @types/mysql@ts5.3 @types/readable-stream@ts5.3 @types/sqlstring@ts5.3
22 verbose argv "install" "--ignore-scripts" "@types/mysql@ts5.3" "@types/readable-stream@ts5.3" "@types/sqlstring@ts5.3" "--save-dev" "--user-agent" "typesInstaller/5.3.2"
23 timing npm:load:setTitle Completed in 1ms
24 timing npm:load:display Completed in 1ms
25 verbose logfile logs-max:10 dir:C:\Users\admini\Desktop\my-electron-app\npm-cache\_logs\2024-03-28T05_12_12_249Z-
26 verbose logfile C:\Users\admini\Desktop\my-electron-app\npm-cache\_logs\2024-03-28T05_12_12_249Z-debug-0.log
27 timing npm:load:logFile Completed in 9ms
28 timing npm:load:timers Completed in 0ms
29 timing npm:load:configScope Completed in 0ms
30 timing npm:load Completed in 59ms
31 timing arborist:ctor Completed in 1ms
32 silly logfile done cleaning log files
33 timing idealTree:init Completed in 11ms
34 timing arborist:ctor Completed in 0ms
35 http fetch GET 200 https://registry.npmmirror.com/@types%2fsqlstring 100ms (cache miss)
36 http fetch GET 200 https://registry.npmmirror.com/@types%2fmysql 112ms (cache miss)
37 http fetch GET 200 https://registry.npmmirror.com/@types%2freadable-stream 112ms (cache miss)
38 timing idealTree:userRequests Completed in 116ms
39 silly idealTree buildDeps
40 silly fetch manifest @types/mysql@2.15.26
41 silly fetch manifest @types/readable-stream@4.0.11
42 silly fetch manifest @types/sqlstring@2.3.2
43 silly placeDep ROOT @types/mysql@2.15.26 REPLACE for:  want: 2.15.26
44 silly placeDep ROOT @types/readable-stream@4.0.11 REPLACE for:  want: 4.0.11
45 silly placeDep ROOT @types/sqlstring@2.3.2 REPLACE for:  want: 2.3.2
46 timing idealTree:#root Completed in 7ms
47 timing idealTree:node_modules/@types/mysql Completed in 0ms
48 timing idealTree:node_modules/@types/readable-stream Completed in 0ms
49 timing idealTree:node_modules/@types/sqlstring Completed in 0ms
50 timing idealTree:buildDeps Completed in 7ms
51 timing idealTree:fixDepFlags Completed in 0ms
52 timing idealTree Completed in 136ms
53 timing reify:loadTrees Completed in 137ms
54 timing reify:diffTrees Completed in 1ms
55 silly reify moves {}
56 timing reify:retireShallow Completed in 1ms
57 timing reify:createSparse Completed in 0ms
58 timing reify:loadBundles Completed in 0ms
59 silly audit bulk request {
59 silly audit   '@types/isexe': [ '2.0.4' ],
59 silly audit   '@types/node': [ '20.11.30' ],
59 silly audit   '@types/yargs': [ '17.0.32' ],
59 silly audit   '@types/yargs-parser': [ '21.0.3' ],
59 silly audit   'safe-buffer': [ '5.1.2' ],
59 silly audit   'types-registry': [ '0.1.684' ],
59 silly audit   'undici-types': [ '5.26.5' ],
59 silly audit   '@types/mysql': [ '2.15.26' ],
59 silly audit   '@types/readable-stream': [ '4.0.11' ],
59 silly audit   '@types/sqlstring': [ '2.3.2' ]
59 silly audit }
60 timing reify:unpack Completed in 0ms
61 timing reify:unretire Completed in 0ms
62 timing build:queue Completed in 0ms
63 timing build:deps Completed in 0ms
64 timing build Completed in 0ms
65 timing reify:build Completed in 0ms
66 timing reify:trash Completed in 0ms
67 timing reify:save Completed in 5ms
68 http fetch POST 501 https://registry.npmmirror.com/-/npm/v1/security/advisories/bulk 77ms
69 silly audit bulk request failed [object Object]
70 http fetch POST 501 https://registry.npmmirror.com/-/npm/v1/security/audits/quick 84ms
71 verbose audit error HttpErrorGeneral: 501 Not Implemented - POST https://registry.npmmirror.com/-/npm/v1/security/audits/quick - [NOT_IMPLEMENTED] /-/npm/v1/security/audits/quick not implemented yet
71 verbose audit error     at C:\Users\admini\AppData\Roaming\npm\node_modules\npm\node_modules\npm-registry-fetch\lib\check-response.js:95:15
71 verbose audit error     at process.processTicksAndRejections (node:internal/process/task_queues:95:5)
71 verbose audit error     at async [getReport] (C:\Users\admini\AppData\Roaming\npm\node_modules\npm\node_modules\@npmcli\arborist\lib\audit-report.js:335:21)
71 verbose audit error     at async AuditReport.run (C:\Users\admini\AppData\Roaming\npm\node_modules\npm\node_modules\@npmcli\arborist\lib\audit-report.js:106:19)
71 verbose audit error     at async Arborist.reify (C:\Users\admini\AppData\Roaming\npm\node_modules\npm\node_modules\@npmcli\arborist\lib\arborist\reify.js:174:24)
71 verbose audit error     at async Install.exec (C:\Users\admini\AppData\Roaming\npm\node_modules\npm\lib\commands\install.js:153:5)
71 verbose audit error     at async module.exports (C:\Users\admini\AppData\Roaming\npm\node_modules\npm\lib\cli-entry.js:61:5) {
71 verbose audit error   headers: [Object: null prototype] {
71 verbose audit error     server: [ 'Tengine' ],
71 verbose audit error     'content-type': [ 'application/json; charset=utf-8' ],
71 verbose audit error     'content-length': [ '81' ],
71 verbose audit error     connection: [ 'keep-alive' ],
71 verbose audit error     'strict-transport-security': [ 'max-age=5184000' ],
71 verbose audit error     date: [ 'Thu, 28 Mar 2024 05:12:11 GMT' ],
71 verbose audit error     vary: [ 'Origin' ],
71 verbose audit error     'request-id': [ 'bb5aaff0-ecc1-11ee-8345-3dee07aa879a' ],
71 verbose audit error     'x-frame-options': [ 'SAMEORIGIN' ],
71 verbose audit error     'x-xss-protection': [ '1; mode=block' ],
71 verbose audit error     'x-content-type-options': [ 'nosniff' ],
71 verbose audit error     'x-download-options': [ 'noopen' ],
71 verbose audit error     'x-readtime': [ '0.668' ],
71 verbose audit error     'x-alicdn-da-ups-status': [ 'endOs,0,501' ],
71 verbose audit error     via: [ 'kunlun4.cn6425[70,0]' ],
71 verbose audit error     'timing-allow-origin': [ '*' ],
71 verbose audit error     eagleid: [ '3da0c00e17116027310642136e' ],
71 verbose audit error     'x-fetch-attempts': [ '1' ]
71 verbose audit error   },
71 verbose audit error   statusCode: 501,
71 verbose audit error   code: 'E501',
71 verbose audit error   method: 'POST',
71 verbose audit error   uri: 'https://registry.npmmirror.com/-/npm/v1/security/audits/quick',
71 verbose audit error   body: {
71 verbose audit error     error: '[NOT_IMPLEMENTED] /-/npm/v1/security/audits/quick not implemented yet'
71 verbose audit error   },
71 verbose audit error   pkgid: undefined
71 verbose audit error }
72 silly audit error [object Object]
73 timing auditReport:getReport Completed in 166ms
74 silly audit report null
75 timing reify:audit Completed in 166ms
76 timing reify Completed in 309ms
77 timing command:install Completed in 312ms
78 verbose exit 0
79 timing npm Completed in 554ms
80 info ok
