0 verbose cli C:\Program Files\nodejs\node.exe C:\Users\admini\AppData\Roaming\npm\node_modules\npm\bin\npm-cli.js
1 info using npm@10.5.0
2 info using node@v20.11.1
3 timing npm:load:whichnode Completed in 2ms
4 timing config:load:defaults Completed in 2ms
5 timing config:load:file:C:\Users\admini\AppData\Roaming\npm\node_modules\npm\npmrc Completed in 1ms
6 timing config:load:builtin Completed in 1ms
7 timing config:load:cli Completed in 2ms
8 timing config:load:env Completed in 0ms
9 timing config:load:file:C:\Users\admini\AppData\Local\Microsoft\TypeScript\5.3\.npmrc Completed in 0ms
10 timing config:load:project Completed in 1ms
11 timing config:load:file:C:\Users\admini\.npmrc Completed in 1ms
12 timing config:load:user Completed in 1ms
13 timing config:load:file:C:\Program Files\nodejs\etc\npmrc Completed in 0ms
14 timing config:load:global Completed in 0ms
15 timing config:load:setEnvs Completed in 1ms
16 timing config:load Completed in 9ms
17 timing npm:load:configload Completed in 9ms
18 timing config:load:flatten Completed in 1ms
19 timing npm:load:mkdirpcache Completed in 0ms
20 timing npm:load:mkdirplogs Completed in 0ms
21 verbose title npm install types-registry@latest
22 verbose argv "install" "--ignore-scripts" "types-registry@latest"
23 timing npm:load:setTitle Completed in 1ms
24 timing npm:load:display Completed in 0ms
25 verbose logfile logs-max:10 dir:C:\Users\admini\Desktop\my-electron-app\npm-cache\_logs\2024-03-28T05_12_10_915Z-
26 verbose logfile C:\Users\admini\Desktop\my-electron-app\npm-cache\_logs\2024-03-28T05_12_10_915Z-debug-0.log
27 timing npm:load:logFile Completed in 7ms
28 timing npm:load:timers Completed in 0ms
29 timing npm:load:configScope Completed in 0ms
30 timing npm:load Completed in 41ms
31 timing arborist:ctor Completed in 0ms
32 silly logfile done cleaning log files
33 timing idealTree:init Completed in 12ms
34 timing arborist:ctor Completed in 0ms
35 http fetch GET 200 https://registry.npmmirror.com/types-registry 116ms (cache miss)
36 timing idealTree:userRequests Completed in 120ms
37 silly idealTree buildDeps
38 silly fetch manifest types-registry@0.1.684
39 silly placeDep ROOT types-registry@0.1.684 REPLACE for:  want: 0.1.684
40 timing idealTree:#root Completed in 4ms
41 timing idealTree:node_modules/types-registry Completed in 0ms
42 timing idealTree:buildDeps Completed in 5ms
43 timing idealTree:fixDepFlags Completed in 0ms
44 timing idealTree Completed in 137ms
45 timing reify:loadTrees Completed in 137ms
46 timing reify:diffTrees Completed in 1ms
47 silly reify moves {}
48 timing reify:retireShallow Completed in 0ms
49 timing reify:createSparse Completed in 0ms
50 timing reify:loadBundles Completed in 0ms
51 silly audit bulk request {
51 silly audit   '@types/isexe': [ '2.0.4' ],
51 silly audit   '@types/mysql': [ '2.15.26' ],
51 silly audit   '@types/node': [ '20.11.30' ],
51 silly audit   '@types/readable-stream': [ '4.0.11' ],
51 silly audit   '@types/sqlstring': [ '2.3.2' ],
51 silly audit   '@types/yargs': [ '17.0.32' ],
51 silly audit   '@types/yargs-parser': [ '21.0.3' ],
51 silly audit   'safe-buffer': [ '5.1.2' ],
51 silly audit   'undici-types': [ '5.26.5' ],
51 silly audit   'types-registry': [ '0.1.684' ]
51 silly audit }
52 timing reify:unpack Completed in 1ms
53 timing reify:unretire Completed in 0ms
54 timing build:queue Completed in 0ms
55 timing build:deps Completed in 0ms
56 timing build Completed in 0ms
57 timing reify:build Completed in 0ms
58 timing reify:trash Completed in 0ms
59 timing reify:save Completed in 9ms
60 http fetch POST 501 https://registry.npmmirror.com/-/npm/v1/security/advisories/bulk 35ms
61 silly audit bulk request failed [object Object]
62 http fetch POST 501 https://registry.npmmirror.com/-/npm/v1/security/audits/quick 30ms
63 verbose audit error HttpErrorGeneral: 501 Not Implemented - POST https://registry.npmmirror.com/-/npm/v1/security/audits/quick - [NOT_IMPLEMENTED] /-/npm/v1/security/audits/quick not implemented yet
63 verbose audit error     at C:\Users\admini\AppData\Roaming\npm\node_modules\npm\node_modules\npm-registry-fetch\lib\check-response.js:95:15
63 verbose audit error     at process.processTicksAndRejections (node:internal/process/task_queues:95:5)
63 verbose audit error     at async [getReport] (C:\Users\admini\AppData\Roaming\npm\node_modules\npm\node_modules\@npmcli\arborist\lib\audit-report.js:335:21)
63 verbose audit error     at async AuditReport.run (C:\Users\admini\AppData\Roaming\npm\node_modules\npm\node_modules\@npmcli\arborist\lib\audit-report.js:106:19)
63 verbose audit error     at async Arborist.reify (C:\Users\admini\AppData\Roaming\npm\node_modules\npm\node_modules\@npmcli\arborist\lib\arborist\reify.js:174:24)
63 verbose audit error     at async Install.exec (C:\Users\admini\AppData\Roaming\npm\node_modules\npm\lib\commands\install.js:153:5)
63 verbose audit error     at async module.exports (C:\Users\admini\AppData\Roaming\npm\node_modules\npm\lib\cli-entry.js:61:5) {
63 verbose audit error   headers: [Object: null prototype] {
63 verbose audit error     server: [ 'Tengine' ],
63 verbose audit error     'content-type': [ 'application/json; charset=utf-8' ],
63 verbose audit error     'content-length': [ '81' ],
63 verbose audit error     connection: [ 'keep-alive' ],
63 verbose audit error     'strict-transport-security': [ 'max-age=5184000' ],
63 verbose audit error     date: [ 'Thu, 28 Mar 2024 05:12:09 GMT' ],
63 verbose audit error     vary: [ 'Origin' ],
63 verbose audit error     'request-id': [ 'ba88e100-ecc1-11ee-abe2-4dd2e0d96e70' ],
63 verbose audit error     'x-frame-options': [ 'SAMEORIGIN' ],
63 verbose audit error     'x-xss-protection': [ '1; mode=block' ],
63 verbose audit error     'x-content-type-options': [ 'nosniff' ],
63 verbose audit error     'x-download-options': [ 'noopen' ],
63 verbose audit error     'x-readtime': [ '0.8' ],
63 verbose audit error     'x-alicdn-da-ups-status': [ 'endOs,0,501' ],
63 verbose audit error     via: [ 'kunlun8.cn6425[18,0]' ],
63 verbose audit error     'timing-allow-origin': [ '*' ],
63 verbose audit error     eagleid: [ '3da0c01217116027297368318e' ],
63 verbose audit error     'x-fetch-attempts': [ '1' ]
63 verbose audit error   },
63 verbose audit error   statusCode: 501,
63 verbose audit error   code: 'E501',
63 verbose audit error   method: 'POST',
63 verbose audit error   uri: 'https://registry.npmmirror.com/-/npm/v1/security/audits/quick',
63 verbose audit error   body: {
63 verbose audit error     error: '[NOT_IMPLEMENTED] /-/npm/v1/security/audits/quick not implemented yet'
63 verbose audit error   },
63 verbose audit error   pkgid: undefined
63 verbose audit error }
64 silly audit error [object Object]
65 timing auditReport:getReport Completed in 70ms
66 silly audit report null
67 timing reify:audit Completed in 70ms
68 timing reify Completed in 213ms
69 timing command:install Completed in 216ms
70 verbose exit 0
71 timing npm Completed in 512ms
72 info ok
